<html>
<head>
<title>TestNG:  Login Test</title>
<link href="../testng.css" rel="stylesheet" type="text/css" />
<link href="../my-testng.css" rel="stylesheet" type="text/css" />

<style type="text/css">
.log { display: none;} 
.stack-trace { display: none;} 
</style>
<script type="text/javascript">
<!--
function flip(e) {
  current = e.style.display;
  if (current == 'block') {
    e.style.display = 'none';
    return 0;
  }
  else {
    e.style.display = 'block';
    return 1;
  }
}

function toggleBox(szDivId, elem, msg1, msg2)
{
  var res = -1;  if (document.getElementById) {
    res = flip(document.getElementById(szDivId));
  }
  else if (document.all) {
    // this is the way old msie versions work
    res = flip(document.all[szDivId]);
  }
  if(elem) {
    if(res == 0) elem.innerHTML = msg1; else elem.innerHTML = msg2;
  }

}

function toggleAllBoxes() {
  if (document.getElementsByTagName) {
    d = document.getElementsByTagName('div');
    for (i = 0; i < d.length; i++) {
      if (d[i].className == 'log') {
        flip(d[i]);
      }
    }
  }
}

// -->
</script>

</head>
<body>
<h2 align='center'>Login Test</h2><table border='1' align="center">
<tr>
<td>Tests passed/Failed/Skipped:</td><td>3/1/0</td>
</tr><tr>
<td>Started on:</td><td>Tue Jun 18 14:58:34 BST 2024</td>
</tr>
<tr><td>Total time:</td><td>105 seconds (105300 ms)</td>
</tr><tr>
<td>Included groups:</td><td>regression </td>
</tr><tr>
<td>Excluded groups:</td><td></td>
</tr>
</table><p/>
<small><i>(Hover the method name to see the test class name)</i></small><p/>
<table width='100%' border='1' class='invocation-failed'>
<tr><td colspan='4' align='center'><b>FAILED TESTS</b></td></tr>
<tr><td><b>Test method</b></td>
<td><b>Attribute(s)</b></td>
<td width="30%"><b>Exception</b></td>
<td width="10%"><b>Time (seconds)</b></td>
<td><b>Instance</b></td>
</tr>
<tr>
<td title='com.tutorialsninja.demo.testsuite.DesktopsTest.verifyProductAddedToShoppingCartSuccessFully()'><b>verifyProductAddedToShoppingCartSuccessFully</b><br>Test class: com.tutorialsninja.demo.testsuite.DesktopsTest<br>Parameters: HP LP3065, 1, Success: You have added HP LP3065 to your shopping cart!, HP LP3065, Product 21, Â£74.73<br/>
<a href="#Output-1991386317" onClick='toggleBox("Output-1991386317", this, "Show output", "Hide output");'>Show output</a>

<a href="#Output-1991386317" onClick="toggleAllBoxes();">Show all outputs</a>
<div class='log' id="Output-1991386317">
Click on [[ChromeDriver: chrome on windows (0a22be127c521267e6574310f581ed79)] -> xpath: //span[normalize-space()='Currency']]<br/>
Click on [[ChromeDriver: chrome on windows (0a22be127c521267e6574310f581ed79)] -> xpath: //a[normalize-space()='Desktops']]<br/>
Click on HP LP3065<br/>
update 1<br/>
Click on [[ChromeDriver: chrome on windows (0a22be127c521267e6574310f581ed79)] -> id: button-cart]<br/>
Get [[ChromeDriver: chrome on windows (0a22be127c521267e6574310f581ed79)] -> xpath: //div[@class='alert alert-success alert-dismissible']]<br/>
Click to see screenshot<br/>
<a target = "_blank" href=C:\Users\Admin\IdeaProjects\com-tutorialsninja-saroj/test-output/html/verifyProductAddedToShoppingCartSuccessFullyTue_Jun_18_14_59_39_BST_2024.jpg>Screenshot</a><br/>
<br><br/>
<br><br/>
<a target = "_blank" href=C:\Users\Admin\IdeaProjects\com-tutorialsninja-saroj/test-output/html/verifyProductAddedToShoppingCartSuccessFullyTue_Jun_18_14_59_39_BST_2024.jpg><img src=C:\Users\Admin\IdeaProjects\com-tutorialsninja-saroj/test-output/html/verifyProductAddedToShoppingCartSuccessFullyTue_Jun_18_14_59_39_BST_2024.jpg height=200 width=200></img></a><br/>
</div>
</td>
<td><div><pre>org.openqa.selenium.ElementClickInterceptedException: element click intercepted: Element &lt;a href=&quot;https://tutorialsninja.com/demo/index.php?route=checkout/cart&quot;&gt;...&lt;/a&gt; is not clickable at point (491, 8). Other element would receive the click: &lt;div class=&quot;container&quot;&gt;...&lt;/div&gt;
  (Session info: chrome=126.0.6478.61)
Build info: version: &apos;4.21.0&apos;, revision: &apos;79ed462ef4&apos;
System info: os.name: &apos;Windows 11&apos;, os.arch: &apos;amd64&apos;, os.version: &apos;10.0&apos;, java.version: &apos;17.0.8&apos;
Driver info: org.openqa.selenium.chrome.ChromeDriver
Command: [0a22be127c521267e6574310f581ed79, clickElement {id=f.3C2C804FAD6935178B1DD78B79216F9F.d.E09C85CB2B7D60C766A466F88CF0D144.e.192}]
Capabilities {acceptInsecureCerts: false, browserName: chrome, browserVersion: 126.0.6478.61, chrome: {chromedriverVersion: 126.0.6478.61 (8dc092df54ce..., userDataDir: C:\Users\Admin\AppData\Loca...}, fedcm:accounts: true, goog:chromeOptions: {debuggerAddress: localhost:59708}, networkConnectionEnabled: false, pageLoadStrategy: normal, platformName: windows, proxy: Proxy(), se:cdp: ws://localhost:59708/devtoo..., se:cdpVersion: 126.0.6478.61, setWindowRect: true, strictFileInteractability: false, timeouts: {implicit: 0, pageLoad: 300000, script: 30000}, unhandledPromptBehavior: dismiss and notify, webauthn:extension:credBlob: true, webauthn:extension:largeBlob: true, webauthn:extension:minPinLength: true, webauthn:extension:prf: true, webauthn:virtualAuthenticators: true}
Element: [[ChromeDriver: chrome on windows (0a22be127c521267e6574310f581ed79)] -&gt; xpath: //a[normalize-space()=&apos;shopping cart&apos;]]
Session ID: 0a22be127c521267e6574310f581ed79
	at org.openqa.selenium.remote.ErrorCodec.decode(ErrorCodec.java:167)
	at org.openqa.selenium.remote.codec.w3c.W3CHttpResponseCodec.decode(W3CHttpResponseCodec.java:138)
	at org.openqa.selenium.remote.codec.w3c.W3CHttpResponseCodec.decode(W3CHttpResponseCodec.java:50)
	at org.openqa.selenium.remote.HttpCommandExecutor.execute(HttpCommandExecutor.java:190)
	at org.openqa.selenium.remote.service.DriverCommandExecutor.invokeExecute(DriverCommandExecutor.java:216)
	at org.openqa.selenium.remote.service.DriverCommandExecutor.execute(DriverCommandExecutor.java:174)
	at org.openqa.selenium.remote.RemoteWebDriver.execute(RemoteWebDriver.java:518)
	at org.openqa.selenium.remote.RemoteWebElement.execute(RemoteWebElement.java:223)
	at org.openqa.selenium.remote.RemoteWebElement.click(RemoteWebElement.java:76)
	at org.openqa.selenium.support.pagefactory.internal.LocatingElementHandler.invoke(LocatingElementHandler.java:51)
	at jdk.proxy2/jdk.proxy2.$Proxy15.click(Unknown Source)
	at com.tutorialsninja.demo.utility.Utility.clickOnElement(Utility.java:50)
	at com.tutorialsninja.demo.pages.DesktopPage.clickOnCartLinkInMsgButton(DesktopPage.java:107)
	at com.tutorialsninja.demo.testsuite.DesktopsTest.verifyProductAddedToShoppingCartSuccessFully(DesktopsTest.java:72)
	at java.base/java.util.ArrayList.forEach(ArrayList.java:1511)
	at com.intellij.rt.testng.IDEARemoteTestNG.run(IDEARemoteTestNG.java:65)
	at com.intellij.rt.testng.RemoteTestNGStarter.main(RemoteTestNGStarter.java:105)
... Removed 33 stack frames</pre></div><a href='#' onClick='toggleBox("stack-trace1991386317", this, "Click to show all stack frames", "Click to hide stack frames")'>Click to show all stack frames</a>
<div class='stack-trace' id='stack-trace1991386317'><pre>org.openqa.selenium.ElementClickInterceptedException: element click intercepted: Element &lt;a href=&quot;https://tutorialsninja.com/demo/index.php?route=checkout/cart&quot;&gt;...&lt;/a&gt; is not clickable at point (491, 8). Other element would receive the click: &lt;div class=&quot;container&quot;&gt;...&lt;/div&gt;
  (Session info: chrome=126.0.6478.61)
Build info: version: &apos;4.21.0&apos;, revision: &apos;79ed462ef4&apos;
System info: os.name: &apos;Windows 11&apos;, os.arch: &apos;amd64&apos;, os.version: &apos;10.0&apos;, java.version: &apos;17.0.8&apos;
Driver info: org.openqa.selenium.chrome.ChromeDriver
Command: [0a22be127c521267e6574310f581ed79, clickElement {id=f.3C2C804FAD6935178B1DD78B79216F9F.d.E09C85CB2B7D60C766A466F88CF0D144.e.192}]
Capabilities {acceptInsecureCerts: false, browserName: chrome, browserVersion: 126.0.6478.61, chrome: {chromedriverVersion: 126.0.6478.61 (8dc092df54ce..., userDataDir: C:\Users\Admin\AppData\Loca...}, fedcm:accounts: true, goog:chromeOptions: {debuggerAddress: localhost:59708}, networkConnectionEnabled: false, pageLoadStrategy: normal, platformName: windows, proxy: Proxy(), se:cdp: ws://localhost:59708/devtoo..., se:cdpVersion: 126.0.6478.61, setWindowRect: true, strictFileInteractability: false, timeouts: {implicit: 0, pageLoad: 300000, script: 30000}, unhandledPromptBehavior: dismiss and notify, webauthn:extension:credBlob: true, webauthn:extension:largeBlob: true, webauthn:extension:minPinLength: true, webauthn:extension:prf: true, webauthn:virtualAuthenticators: true}
Element: [[ChromeDriver: chrome on windows (0a22be127c521267e6574310f581ed79)] -&gt; xpath: //a[normalize-space()=&apos;shopping cart&apos;]]
Session ID: 0a22be127c521267e6574310f581ed79
	at java.base/jdk.internal.reflect.NativeConstructorAccessorImpl.newInstance0(Native Method)
	at java.base/jdk.internal.reflect.NativeConstructorAccessorImpl.newInstance(NativeConstructorAccessorImpl.java:77)
	at java.base/jdk.internal.reflect.DelegatingConstructorAccessorImpl.newInstance(DelegatingConstructorAccessorImpl.java:45)
	at java.base/java.lang.reflect.Constructor.newInstanceWithCaller(Constructor.java:499)
	at java.base/java.lang.reflect.Constructor.newInstance(Constructor.java:480)
	at org.openqa.selenium.remote.ErrorCodec.decode(ErrorCodec.java:167)
	at org.openqa.selenium.remote.codec.w3c.W3CHttpResponseCodec.decode(W3CHttpResponseCodec.java:138)
	at org.openqa.selenium.remote.codec.w3c.W3CHttpResponseCodec.decode(W3CHttpResponseCodec.java:50)
	at org.openqa.selenium.remote.HttpCommandExecutor.execute(HttpCommandExecutor.java:190)
	at org.openqa.selenium.remote.service.DriverCommandExecutor.invokeExecute(DriverCommandExecutor.java:216)
	at org.openqa.selenium.remote.service.DriverCommandExecutor.execute(DriverCommandExecutor.java:174)
	at org.openqa.selenium.remote.RemoteWebDriver.execute(RemoteWebDriver.java:518)
	at org.openqa.selenium.remote.RemoteWebElement.execute(RemoteWebElement.java:223)
	at org.openqa.selenium.remote.RemoteWebElement.click(RemoteWebElement.java:76)
	at java.base/jdk.internal.reflect.NativeMethodAccessorImpl.invoke0(Native Method)
	at java.base/jdk.internal.reflect.NativeMethodAccessorImpl.invoke(NativeMethodAccessorImpl.java:77)
	at java.base/jdk.internal.reflect.DelegatingMethodAccessorImpl.invoke(DelegatingMethodAccessorImpl.java:43)
	at java.base/java.lang.reflect.Method.invoke(Method.java:568)
	at org.openqa.selenium.support.pagefactory.internal.LocatingElementHandler.invoke(LocatingElementHandler.java:51)
	at jdk.proxy2/jdk.proxy2.$Proxy15.click(Unknown Source)
	at com.tutorialsninja.demo.utility.Utility.clickOnElement(Utility.java:50)
	at com.tutorialsninja.demo.pages.DesktopPage.clickOnCartLinkInMsgButton(DesktopPage.java:107)
	at com.tutorialsninja.demo.testsuite.DesktopsTest.verifyProductAddedToShoppingCartSuccessFully(DesktopsTest.java:72)
	at java.base/jdk.internal.reflect.NativeMethodAccessorImpl.invoke0(Native Method)
	at java.base/jdk.internal.reflect.NativeMethodAccessorImpl.invoke(NativeMethodAccessorImpl.java:77)
	at java.base/jdk.internal.reflect.DelegatingMethodAccessorImpl.invoke(DelegatingMethodAccessorImpl.java:43)
	at java.base/java.lang.reflect.Method.invoke(Method.java:568)
	at org.testng.internal.invokers.MethodInvocationHelper.invokeMethod(MethodInvocationHelper.java:141)
	at org.testng.internal.invokers.TestInvoker.invokeMethod(TestInvoker.java:686)
	at org.testng.internal.invokers.TestInvoker.invokeTestMethod(TestInvoker.java:230)
	at org.testng.internal.invokers.MethodRunner.runInSequence(MethodRunner.java:63)
	at org.testng.internal.invokers.TestInvoker$MethodInvocationAgent.invoke(TestInvoker.java:992)
	at org.testng.internal.invokers.TestInvoker.invokeTestMethods(TestInvoker.java:203)
	at org.testng.internal.invokers.TestMethodWorker.invokeTestMethods(TestMethodWorker.java:154)
	at org.testng.internal.invokers.TestMethodWorker.run(TestMethodWorker.java:134)
	at java.base/java.util.ArrayList.forEach(ArrayList.java:1511)
	at org.testng.TestRunner.privateRun(TestRunner.java:739)
	at org.testng.TestRunner.run(TestRunner.java:614)
	at org.testng.SuiteRunner.runTest(SuiteRunner.java:421)
	at org.testng.SuiteRunner.runSequentially(SuiteRunner.java:413)
	at org.testng.SuiteRunner.privateRun(SuiteRunner.java:373)
	at org.testng.SuiteRunner.run(SuiteRunner.java:312)
	at org.testng.SuiteRunnerWorker.runSuite(SuiteRunnerWorker.java:52)
	at org.testng.SuiteRunnerWorker.run(SuiteRunnerWorker.java:95)
	at org.testng.TestNG.runSuitesSequentially(TestNG.java:1274)
	at org.testng.TestNG.runSuitesLocally(TestNG.java:1208)
	at org.testng.TestNG.runSuites(TestNG.java:1112)
	at org.testng.TestNG.run(TestNG.java:1079)
	at com.intellij.rt.testng.IDEARemoteTestNG.run(IDEARemoteTestNG.java:65)
	at com.intellij.rt.testng.RemoteTestNGStarter.main(RemoteTestNGStarter.java:105)
</pre></div></td>
<td>19</td>
<td>com.tutorialsninja.demo.testsuite.DesktopsTest@55141def</td></tr>
</table><p>
<table width='100%' border='1' class='invocation-passed'>
<tr><td colspan='4' align='center'><b>PASSED TESTS</b></td></tr>
<tr><td><b>Test method</b></td>
<td><b>Attribute(s)</b></td>
<td width="30%"><b>Exception</b></td>
<td width="10%"><b>Time (seconds)</b></td>
<td><b>Instance</b></td>
</tr>
<tr>
<td title='com.tutorialsninja.demo.testsuite.TopMenuTest.verifyUserShouldNavigateToLaptopsAndNotebooksPageSuccessfully()'><b>verifyUserShouldNavigateToLaptopsAndNotebooksPageSuccessfully</b><br>Test class: com.tutorialsninja.demo.testsuite.TopMenuTest<br/>
<a href="#Output-1184694332" onClick='toggleBox("Output-1184694332", this, "Show output", "Hide output");'>Show output</a>

<a href="#Output-1184694332" onClick="toggleAllBoxes();">Show all outputs</a>
<div class='log' id="Output-1184694332">
Click on [[ChromeDriver: chrome on windows (e4f085bbc9e0dc834321a15165916518)] -> xpath: //a[normalize-space()='Laptops & Notebooks']]<br/>
get [[ChromeDriver: chrome on windows (e4f085bbc9e0dc834321a15165916518)] -> xpath: //h2[text()='Laptops & Notebooks']]<br/>
</div>
</td>
<td></td>
<td>2</td>
<td>com.tutorialsninja.demo.testsuite.TopMenuTest@36bc55de</td></tr>
<tr>
<td title='com.tutorialsninja.demo.testsuite.TopMenuTest.verifyUserShouldNavigateToDesktopsPageSuccessfully()'><b>verifyUserShouldNavigateToDesktopsPageSuccessfully</b><br>Test class: com.tutorialsninja.demo.testsuite.TopMenuTest<br/>
<a href="#Output-352378889" onClick='toggleBox("Output-352378889", this, "Show output", "Hide output");'>Show output</a>

<a href="#Output-352378889" onClick="toggleAllBoxes();">Show all outputs</a>
<div class='log' id="Output-352378889">
Click on [[ChromeDriver: chrome on windows (90349e1d88a3d72a0ccca5338541bc0d)] -> xpath: //a[normalize-space()='Desktops']]<br/>
get [[ChromeDriver: chrome on windows (90349e1d88a3d72a0ccca5338541bc0d)] -> xpath: //h2[text()='Desktops']]<br/>
</div>
</td>
<td></td>
<td>4</td>
<td>com.tutorialsninja.demo.testsuite.TopMenuTest@36bc55de</td></tr>
<tr>
<td title='com.tutorialsninja.demo.testsuite.TopMenuTest.verifyUserShouldNavigateToComponentsPageSuccessfully()'><b>verifyUserShouldNavigateToComponentsPageSuccessfully</b><br>Test class: com.tutorialsninja.demo.testsuite.TopMenuTest<br/>
<a href="#Output-855724043" onClick='toggleBox("Output-855724043", this, "Show output", "Hide output");'>Show output</a>

<a href="#Output-855724043" onClick="toggleAllBoxes();">Show all outputs</a>
<div class='log' id="Output-855724043">
Click on [[ChromeDriver: chrome on windows (2603a847d0a6235f855fc0b6506f34f6)] -> xpath: //a[normalize-space()='Components']]<br/>
get [[ChromeDriver: chrome on windows (2603a847d0a6235f855fc0b6506f34f6)] -> xpath: //h2[text()='Components']]<br/>
</div>
</td>
<td></td>
<td>2</td>
<td>com.tutorialsninja.demo.testsuite.TopMenuTest@36bc55de</td></tr>
</table><p>
</body>
</html>